<?xml version="1.0" encoding="UTF-8"?>
<testng-results skipped="0" failed="0" total="1" passed="1">
  <reporter-output>
  </reporter-output>
  <suite name="Surefire suite" duration-ms="122075" started-at="2015-08-21T12:10:58Z" finished-at="2015-08-21T12:13:00Z">
    <groups>
    </groups>
    <test name="Surefire test" duration-ms="122075" started-at="2015-08-21T12:10:58Z" finished-at="2015-08-21T12:13:00Z">
      <class name="Test1CreatingGroup">
        <test-method status="PASS" signature="setup()[pri:0, instance:Test1CreatingGroup@6c65860d]" name="setup" is-config="true" duration-ms="77" started-at="2015-08-21T15:10:58Z" finished-at="2015-08-21T15:10:58Z">
          <reporter-output>
          </reporter-output>
        </test-method> <!-- setup -->
        <test-method status="PASS" signature="start()[pri:0, instance:Test1CreatingGroup@6c65860d]" name="start" is-config="true" duration-ms="39950" started-at="2015-08-21T15:10:58Z" finished-at="2015-08-21T15:11:38Z">
          <reporter-output>
          </reporter-output>
        </test-method> <!-- start -->
        <test-method status="PASS" signature="createGroup()[pri:0, instance:Test1CreatingGroup@6c65860d]" name="createGroup" duration-ms="80052" started-at="2015-08-21T15:11:38Z" finished-at="2015-08-21T15:12:58Z">
          <reporter-output>
          </reporter-output>
        </test-method> <!-- createGroup -->
        <test-method status="PASS" signature="tearDown()[pri:0, instance:Test1CreatingGroup@6c65860d]" name="tearDown" is-config="true" duration-ms="1644" started-at="2015-08-21T15:12:58Z" finished-at="2015-08-21T15:13:00Z">
          <reporter-output>
          </reporter-output>
        </test-method> <!-- tearDown -->
      </class> <!-- Test1CreatingGroup -->
    </test> <!-- Surefire test -->
  </suite> <!-- Surefire suite -->
</testng-results>
